<?xml version="1.0" encoding="UTF-8"?>
<testsuite xmlns:xsi="http://www.w3.org/2001/XMLSchema-instance" xsi:noNamespaceSchemaLocation="https://maven.apache.org/surefire/maven-surefire-plugin/xsd/surefire-test-report.xsd" name="service.CustomerServiceTest" time="0.048" tests="2" errors="0" skipped="0" failures="0">
  <properties>
    <property name="java.specification.version" value="18"/>
    <property name="sun.jnu.encoding" value="UTF-8"/>
    <property name="java.class.path" value="/Volumes/Elements/test-coloquio-BetVictor/Chat-WebSocket/target/test-classes:/Volumes/Elements/test-coloquio-BetVictor/Chat-WebSocket/target/classes:/Users/mihaistefan/.m2/repository/org/springdoc/springdoc-openapi-ui/1.5.9/springdoc-openapi-ui-1.5.9.jar:/Users/mihaistefan/.m2/repository/org/springdoc/springdoc-openapi-webmvc-core/1.5.9/springdoc-openapi-webmvc-core-1.5.9.jar:/Users/mihaistefan/.m2/repository/org/springdoc/springdoc-openapi-common/1.5.9/springdoc-openapi-common-1.5.9.jar:/Users/mihaistefan/.m2/repository/io/swagger/core/v3/swagger-models/2.1.9/swagger-models-2.1.9.jar:/Users/mihaistefan/.m2/repository/io/swagger/core/v3/swagger-annotations/2.1.9/swagger-annotations-2.1.9.jar:/Users/mihaistefan/.m2/repository/io/swagger/core/v3/swagger-integration/2.1.9/swagger-integration-2.1.9.jar:/Users/mihaistefan/.m2/repository/io/swagger/core/v3/swagger-core/2.1.9/swagger-core-2.1.9.jar:/Users/mihaistefan/.m2/repository/com/fasterxml/jackson/dataformat/jackson-dataformat-yaml/2.10.4/jackson-dataformat-yaml-2.10.4.jar:/Users/mihaistefan/.m2/repository/io/github/classgraph/classgraph/4.8.69/classgraph-4.8.69.jar:/Users/mihaistefan/.m2/repository/org/apache/commons/commons-lang3/3.9/commons-lang3-3.9.jar:/Users/mihaistefan/.m2/repository/org/webjars/swagger-ui/3.49.0/swagger-ui-3.49.0.jar:/Users/mihaistefan/.m2/repository/org/webjars/webjars-locator-core/0.41/webjars-locator-core-0.41.jar:/Users/mihaistefan/.m2/repository/org/webjars/npm/angular__http/2.4.10/angular__http-2.4.10.jar:/Users/mihaistefan/.m2/repository/org/springframework/boot/spring-boot-starter-data-jpa/2.2.8.RELEASE/spring-boot-starter-data-jpa-2.2.8.RELEASE.jar:/Users/mihaistefan/.m2/repository/org/springframework/boot/spring-boot-starter-aop/2.2.8.RELEASE/spring-boot-starter-aop-2.2.8.RELEASE.jar:/Users/mihaistefan/.m2/repository/org/aspectj/aspectjweaver/1.9.5/aspectjweaver-1.9.5.jar:/Users/mihaistefan/.m2/repository/org/springframework/boot/spring-boot-starter-jdbc/2.2.8.RELEASE/spring-boot-starter-jdbc-2.2.8.RELEASE.jar:/Users/mihaistefan/.m2/repository/com/zaxxer/HikariCP/3.4.5/HikariCP-3.4.5.jar:/Users/mihaistefan/.m2/repository/org/springframework/spring-jdbc/5.2.7.RELEASE/spring-jdbc-5.2.7.RELEASE.jar:/Users/mihaistefan/.m2/repository/jakarta/persistence/jakarta.persistence-api/2.2.3/jakarta.persistence-api-2.2.3.jar:/Users/mihaistefan/.m2/repository/jakarta/transaction/jakarta.transaction-api/1.3.3/jakarta.transaction-api-1.3.3.jar:/Users/mihaistefan/.m2/repository/org/hibernate/hibernate-core/5.4.17.Final/hibernate-core-5.4.17.Final.jar:/Users/mihaistefan/.m2/repository/org/jboss/logging/jboss-logging/3.4.1.Final/jboss-logging-3.4.1.Final.jar:/Users/mihaistefan/.m2/repository/org/javassist/javassist/3.24.0-GA/javassist-3.24.0-GA.jar:/Users/mihaistefan/.m2/repository/antlr/antlr/2.7.7/antlr-2.7.7.jar:/Users/mihaistefan/.m2/repository/org/jboss/jandex/2.1.3.Final/jandex-2.1.3.Final.jar:/Users/mihaistefan/.m2/repository/com/fasterxml/classmate/1.5.1/classmate-1.5.1.jar:/Users/mihaistefan/.m2/repository/org/dom4j/dom4j/2.1.3/dom4j-2.1.3.jar:/Users/mihaistefan/.m2/repository/org/hibernate/common/hibernate-commons-annotations/5.1.0.Final/hibernate-commons-annotations-5.1.0.Final.jar:/Users/mihaistefan/.m2/repository/org/glassfish/jaxb/jaxb-runtime/2.3.3/jaxb-runtime-2.3.3.jar:/Users/mihaistefan/.m2/repository/org/glassfish/jaxb/txw2/2.3.3/txw2-2.3.3.jar:/Users/mihaistefan/.m2/repository/com/sun/istack/istack-commons-runtime/3.0.11/istack-commons-runtime-3.0.11.jar:/Users/mihaistefan/.m2/repository/com/sun/activation/jakarta.activation/1.2.2/jakarta.activation-1.2.2.jar:/Users/mihaistefan/.m2/repository/org/springframework/spring-aspects/5.2.7.RELEASE/spring-aspects-5.2.7.RELEASE.jar:/Users/mihaistefan/.m2/repository/org/springframework/boot/spring-boot-starter-web/2.2.8.RELEASE/spring-boot-starter-web-2.2.8.RELEASE.jar:/Users/mihaistefan/.m2/repository/org/springframework/boot/spring-boot-starter/2.2.8.RELEASE/spring-boot-starter-2.2.8.RELEASE.jar:/Users/mihaistefan/.m2/repository/org/springframework/boot/spring-boot/2.2.8.RELEASE/spring-boot-2.2.8.RELEASE.jar:/Users/mihaistefan/.m2/repository/org/springframework/boot/spring-boot-autoconfigure/2.2.8.RELEASE/spring-boot-autoconfigure-2.2.8.RELEASE.jar:/Users/mihaistefan/.m2/repository/org/springframework/boot/spring-boot-starter-logging/2.2.8.RELEASE/spring-boot-starter-logging-2.2.8.RELEASE.jar:/Users/mihaistefan/.m2/repository/ch/qos/logback/logback-classic/1.2.3/logback-classic-1.2.3.jar:/Users/mihaistefan/.m2/repository/ch/qos/logback/logback-core/1.2.3/logback-core-1.2.3.jar:/Users/mihaistefan/.m2/repository/org/apache/logging/log4j/log4j-to-slf4j/2.12.1/log4j-to-slf4j-2.12.1.jar:/Users/mihaistefan/.m2/repository/org/apache/logging/log4j/log4j-api/2.12.1/log4j-api-2.12.1.jar:/Users/mihaistefan/.m2/repository/org/slf4j/jul-to-slf4j/1.7.30/jul-to-slf4j-1.7.30.jar:/Users/mihaistefan/.m2/repository/jakarta/annotation/jakarta.annotation-api/1.3.5/jakarta.annotation-api-1.3.5.jar:/Users/mihaistefan/.m2/repository/org/yaml/snakeyaml/1.25/snakeyaml-1.25.jar:/Users/mihaistefan/.m2/repository/org/springframework/boot/spring-boot-starter-json/2.2.8.RELEASE/spring-boot-starter-json-2.2.8.RELEASE.jar:/Users/mihaistefan/.m2/repository/com/fasterxml/jackson/datatype/jackson-datatype-jdk8/2.10.4/jackson-datatype-jdk8-2.10.4.jar:/Users/mihaistefan/.m2/repository/com/fasterxml/jackson/datatype/jackson-datatype-jsr310/2.10.4/jackson-datatype-jsr310-2.10.4.jar:/Users/mihaistefan/.m2/repository/com/fasterxml/jackson/module/jackson-module-parameter-names/2.10.4/jackson-module-parameter-names-2.10.4.jar:/Users/mihaistefan/.m2/repository/org/springframework/boot/spring-boot-starter-tomcat/2.2.8.RELEASE/spring-boot-starter-tomcat-2.2.8.RELEASE.jar:/Users/mihaistefan/.m2/repository/org/apache/tomcat/embed/tomcat-embed-core/9.0.36/tomcat-embed-core-9.0.36.jar:/Users/mihaistefan/.m2/repository/org/apache/tomcat/embed/tomcat-embed-el/9.0.36/tomcat-embed-el-9.0.36.jar:/Users/mihaistefan/.m2/repository/org/apache/tomcat/embed/tomcat-embed-websocket/9.0.36/tomcat-embed-websocket-9.0.36.jar:/Users/mihaistefan/.m2/repository/org/springframework/boot/spring-boot-starter-validation/2.2.8.RELEASE/spring-boot-starter-validation-2.2.8.RELEASE.jar:/Users/mihaistefan/.m2/repository/jakarta/validation/jakarta.validation-api/2.0.2/jakarta.validation-api-2.0.2.jar:/Users/mihaistefan/.m2/repository/org/hibernate/validator/hibernate-validator/6.0.20.Final/hibernate-validator-6.0.20.Final.jar:/Users/mihaistefan/.m2/repository/org/springframework/spring-web/5.2.7.RELEASE/spring-web-5.2.7.RELEASE.jar:/Users/mihaistefan/.m2/repository/org/springframework/spring-webmvc/5.2.7.RELEASE/spring-webmvc-5.2.7.RELEASE.jar:/Users/mihaistefan/.m2/repository/org/springframework/spring-expression/5.2.7.RELEASE/spring-expression-5.2.7.RELEASE.jar:/Users/mihaistefan/.m2/repository/org/projectlombok/lombok/1.18.22/lombok-1.18.22.jar:/Users/mihaistefan/.m2/repository/org/mockito/mockito-core/2.23.0/mockito-core-2.23.0.jar:/Users/mihaistefan/.m2/repository/net/bytebuddy/byte-buddy/1.10.11/byte-buddy-1.10.11.jar:/Users/mihaistefan/.m2/repository/net/bytebuddy/byte-buddy-agent/1.10.11/byte-buddy-agent-1.10.11.jar:/Users/mihaistefan/.m2/repository/org/objenesis/objenesis/2.6/objenesis-2.6.jar:/Users/mihaistefan/.m2/repository/junit/junit/4.12/junit-4.12.jar:/Users/mihaistefan/.m2/repository/org/hamcrest/hamcrest-core/2.1/hamcrest-core-2.1.jar:/Users/mihaistefan/.m2/repository/org/hamcrest/hamcrest/2.1/hamcrest-2.1.jar:/Users/mihaistefan/.m2/repository/org/springframework/spring-websocket/5.2.2.RELEASE/spring-websocket-5.2.2.RELEASE.jar:/Users/mihaistefan/.m2/repository/org/springframework/spring-context/5.2.7.RELEASE/spring-context-5.2.7.RELEASE.jar:/Users/mihaistefan/.m2/repository/org/springframework/spring-core/5.2.7.RELEASE/spring-core-5.2.7.RELEASE.jar:/Users/mihaistefan/.m2/repository/org/springframework/spring-jcl/5.2.7.RELEASE/spring-jcl-5.2.7.RELEASE.jar:/Users/mihaistefan/.m2/repository/org/springframework/spring-messaging/5.2.2.RELEASE/spring-messaging-5.2.2.RELEASE.jar:/Users/mihaistefan/.m2/repository/org/springframework/spring-beans/5.2.7.RELEASE/spring-beans-5.2.7.RELEASE.jar:/Users/mihaistefan/.m2/repository/org/springframework/data/spring-data-jpa/2.4.0/spring-data-jpa-2.4.0.jar:/Users/mihaistefan/.m2/repository/org/springframework/data/spring-data-commons/2.2.8.RELEASE/spring-data-commons-2.2.8.RELEASE.jar:/Users/mihaistefan/.m2/repository/org/springframework/spring-orm/5.2.7.RELEASE/spring-orm-5.2.7.RELEASE.jar:/Users/mihaistefan/.m2/repository/org/springframework/spring-aop/5.2.7.RELEASE/spring-aop-5.2.7.RELEASE.jar:/Users/mihaistefan/.m2/repository/org/springframework/spring-tx/5.2.7.RELEASE/spring-tx-5.2.7.RELEASE.jar:/Users/mihaistefan/.m2/repository/org/aspectj/aspectjrt/1.9.5/aspectjrt-1.9.5.jar:/Users/mihaistefan/.m2/repository/org/slf4j/slf4j-api/1.7.30/slf4j-api-1.7.30.jar:/Users/mihaistefan/.m2/repository/org/postgresql/postgresql/42.2.14/postgresql-42.2.14.jar:/Users/mihaistefan/.m2/repository/com/fasterxml/jackson/core/jackson-databind/2.13.0/jackson-databind-2.13.0.jar:/Users/mihaistefan/.m2/repository/com/fasterxml/jackson/core/jackson-core/2.13.0/jackson-core-2.13.0.jar:/Users/mihaistefan/.m2/repository/com/fasterxml/jackson/core/jackson-annotations/2.13.0/jackson-annotations-2.13.0.jar:/Users/mihaistefan/.m2/repository/com/fasterxml/jackson/dataformat/jackson-dataformat-xml/2.10.4/jackson-dataformat-xml-2.10.4.jar:/Users/mihaistefan/.m2/repository/com/fasterxml/jackson/module/jackson-module-jaxb-annotations/2.10.4/jackson-module-jaxb-annotations-2.10.4.jar:/Users/mihaistefan/.m2/repository/jakarta/xml/bind/jakarta.xml.bind-api/2.3.3/jakarta.xml.bind-api-2.3.3.jar:/Users/mihaistefan/.m2/repository/jakarta/activation/jakarta.activation-api/1.2.2/jakarta.activation-api-1.2.2.jar:/Users/mihaistefan/.m2/repository/org/codehaus/woodstox/stax2-api/4.2/stax2-api-4.2.jar:/Users/mihaistefan/.m2/repository/com/fasterxml/woodstox/woodstox-core/6.2.0/woodstox-core-6.2.0.jar:/Users/mihaistefan/.m2/repository/org/hibernate/javax/persistence/hibernate-jpa-2.1-api/1.0.0.Final/hibernate-jpa-2.1-api-1.0.0.Final.jar:"/>
    <property name="java.vm.vendor" value="Homebrew"/>
    <property name="sun.arch.data.model" value="64"/>
    <property name="java.vendor.url" value="https://github.com/Homebrew/homebrew-core/issues"/>
    <property name="os.name" value="Mac OS X"/>
    <property name="java.vm.specification.version" value="18"/>
    <property name="sun.java.launcher" value="SUN_STANDARD"/>
    <property name="user.country" value="IT"/>
    <property name="sun.boot.library.path" value="/opt/homebrew/Cellar/openjdk/18.0.1/libexec/openjdk.jdk/Contents/Home/lib"/>
    <property name="sun.java.command" value="/Volumes/Elements/test-coloquio-BetVictor/Chat-WebSocket/target/surefire/surefirebooter4943273836612870472.jar /Volumes/Elements/test-coloquio-BetVictor/Chat-WebSocket/target/surefire 2022-06-26T11-44-41_010-jvmRun1 surefire12687641047415068113tmp surefire_015452739714736308213tmp"/>
    <property name="http.nonProxyHosts" value="local|*.local|169.254/16|*.169.254/16"/>
    <property name="jdk.debug" value="release"/>
    <property name="surefire.test.class.path" value="/Volumes/Elements/test-coloquio-BetVictor/Chat-WebSocket/target/test-classes:/Volumes/Elements/test-coloquio-BetVictor/Chat-WebSocket/target/classes:/Users/mihaistefan/.m2/repository/org/springdoc/springdoc-openapi-ui/1.5.9/springdoc-openapi-ui-1.5.9.jar:/Users/mihaistefan/.m2/repository/org/springdoc/springdoc-openapi-webmvc-core/1.5.9/springdoc-openapi-webmvc-core-1.5.9.jar:/Users/mihaistefan/.m2/repository/org/springdoc/springdoc-openapi-common/1.5.9/springdoc-openapi-common-1.5.9.jar:/Users/mihaistefan/.m2/repository/io/swagger/core/v3/swagger-models/2.1.9/swagger-models-2.1.9.jar:/Users/mihaistefan/.m2/repository/io/swagger/core/v3/swagger-annotations/2.1.9/swagger-annotations-2.1.9.jar:/Users/mihaistefan/.m2/repository/io/swagger/core/v3/swagger-integration/2.1.9/swagger-integration-2.1.9.jar:/Users/mihaistefan/.m2/repository/io/swagger/core/v3/swagger-core/2.1.9/swagger-core-2.1.9.jar:/Users/mihaistefan/.m2/repository/com/fasterxml/jackson/dataformat/jackson-dataformat-yaml/2.10.4/jackson-dataformat-yaml-2.10.4.jar:/Users/mihaistefan/.m2/repository/io/github/classgraph/classgraph/4.8.69/classgraph-4.8.69.jar:/Users/mihaistefan/.m2/repository/org/apache/commons/commons-lang3/3.9/commons-lang3-3.9.jar:/Users/mihaistefan/.m2/repository/org/webjars/swagger-ui/3.49.0/swagger-ui-3.49.0.jar:/Users/mihaistefan/.m2/repository/org/webjars/webjars-locator-core/0.41/webjars-locator-core-0.41.jar:/Users/mihaistefan/.m2/repository/org/webjars/npm/angular__http/2.4.10/angular__http-2.4.10.jar:/Users/mihaistefan/.m2/repository/org/springframework/boot/spring-boot-starter-data-jpa/2.2.8.RELEASE/spring-boot-starter-data-jpa-2.2.8.RELEASE.jar:/Users/mihaistefan/.m2/repository/org/springframework/boot/spring-boot-starter-aop/2.2.8.RELEASE/spring-boot-starter-aop-2.2.8.RELEASE.jar:/Users/mihaistefan/.m2/repository/org/aspectj/aspectjweaver/1.9.5/aspectjweaver-1.9.5.jar:/Users/mihaistefan/.m2/repository/org/springframework/boot/spring-boot-starter-jdbc/2.2.8.RELEASE/spring-boot-starter-jdbc-2.2.8.RELEASE.jar:/Users/mihaistefan/.m2/repository/com/zaxxer/HikariCP/3.4.5/HikariCP-3.4.5.jar:/Users/mihaistefan/.m2/repository/org/springframework/spring-jdbc/5.2.7.RELEASE/spring-jdbc-5.2.7.RELEASE.jar:/Users/mihaistefan/.m2/repository/jakarta/persistence/jakarta.persistence-api/2.2.3/jakarta.persistence-api-2.2.3.jar:/Users/mihaistefan/.m2/repository/jakarta/transaction/jakarta.transaction-api/1.3.3/jakarta.transaction-api-1.3.3.jar:/Users/mihaistefan/.m2/repository/org/hibernate/hibernate-core/5.4.17.Final/hibernate-core-5.4.17.Final.jar:/Users/mihaistefan/.m2/repository/org/jboss/logging/jboss-logging/3.4.1.Final/jboss-logging-3.4.1.Final.jar:/Users/mihaistefan/.m2/repository/org/javassist/javassist/3.24.0-GA/javassist-3.24.0-GA.jar:/Users/mihaistefan/.m2/repository/antlr/antlr/2.7.7/antlr-2.7.7.jar:/Users/mihaistefan/.m2/repository/org/jboss/jandex/2.1.3.Final/jandex-2.1.3.Final.jar:/Users/mihaistefan/.m2/repository/com/fasterxml/classmate/1.5.1/classmate-1.5.1.jar:/Users/mihaistefan/.m2/repository/org/dom4j/dom4j/2.1.3/dom4j-2.1.3.jar:/Users/mihaistefan/.m2/repository/org/hibernate/common/hibernate-commons-annotations/5.1.0.Final/hibernate-commons-annotations-5.1.0.Final.jar:/Users/mihaistefan/.m2/repository/org/glassfish/jaxb/jaxb-runtime/2.3.3/jaxb-runtime-2.3.3.jar:/Users/mihaistefan/.m2/repository/org/glassfish/jaxb/txw2/2.3.3/txw2-2.3.3.jar:/Users/mihaistefan/.m2/repository/com/sun/istack/istack-commons-runtime/3.0.11/istack-commons-runtime-3.0.11.jar:/Users/mihaistefan/.m2/repository/com/sun/activation/jakarta.activation/1.2.2/jakarta.activation-1.2.2.jar:/Users/mihaistefan/.m2/repository/org/springframework/spring-aspects/5.2.7.RELEASE/spring-aspects-5.2.7.RELEASE.jar:/Users/mihaistefan/.m2/repository/org/springframework/boot/spring-boot-starter-web/2.2.8.RELEASE/spring-boot-starter-web-2.2.8.RELEASE.jar:/Users/mihaistefan/.m2/repository/org/springframework/boot/spring-boot-starter/2.2.8.RELEASE/spring-boot-starter-2.2.8.RELEASE.jar:/Users/mihaistefan/.m2/repository/org/springframework/boot/spring-boot/2.2.8.RELEASE/spring-boot-2.2.8.RELEASE.jar:/Users/mihaistefan/.m2/repository/org/springframework/boot/spring-boot-autoconfigure/2.2.8.RELEASE/spring-boot-autoconfigure-2.2.8.RELEASE.jar:/Users/mihaistefan/.m2/repository/org/springframework/boot/spring-boot-starter-logging/2.2.8.RELEASE/spring-boot-starter-logging-2.2.8.RELEASE.jar:/Users/mihaistefan/.m2/repository/ch/qos/logback/logback-classic/1.2.3/logback-classic-1.2.3.jar:/Users/mihaistefan/.m2/repository/ch/qos/logback/logback-core/1.2.3/logback-core-1.2.3.jar:/Users/mihaistefan/.m2/repository/org/apache/logging/log4j/log4j-to-slf4j/2.12.1/log4j-to-slf4j-2.12.1.jar:/Users/mihaistefan/.m2/repository/org/apache/logging/log4j/log4j-api/2.12.1/log4j-api-2.12.1.jar:/Users/mihaistefan/.m2/repository/org/slf4j/jul-to-slf4j/1.7.30/jul-to-slf4j-1.7.30.jar:/Users/mihaistefan/.m2/repository/jakarta/annotation/jakarta.annotation-api/1.3.5/jakarta.annotation-api-1.3.5.jar:/Users/mihaistefan/.m2/repository/org/yaml/snakeyaml/1.25/snakeyaml-1.25.jar:/Users/mihaistefan/.m2/repository/org/springframework/boot/spring-boot-starter-json/2.2.8.RELEASE/spring-boot-starter-json-2.2.8.RELEASE.jar:/Users/mihaistefan/.m2/repository/com/fasterxml/jackson/datatype/jackson-datatype-jdk8/2.10.4/jackson-datatype-jdk8-2.10.4.jar:/Users/mihaistefan/.m2/repository/com/fasterxml/jackson/datatype/jackson-datatype-jsr310/2.10.4/jackson-datatype-jsr310-2.10.4.jar:/Users/mihaistefan/.m2/repository/com/fasterxml/jackson/module/jackson-module-parameter-names/2.10.4/jackson-module-parameter-names-2.10.4.jar:/Users/mihaistefan/.m2/repository/org/springframework/boot/spring-boot-starter-tomcat/2.2.8.RELEASE/spring-boot-starter-tomcat-2.2.8.RELEASE.jar:/Users/mihaistefan/.m2/repository/org/apache/tomcat/embed/tomcat-embed-core/9.0.36/tomcat-embed-core-9.0.36.jar:/Users/mihaistefan/.m2/repository/org/apache/tomcat/embed/tomcat-embed-el/9.0.36/tomcat-embed-el-9.0.36.jar:/Users/mihaistefan/.m2/repository/org/apache/tomcat/embed/tomcat-embed-websocket/9.0.36/tomcat-embed-websocket-9.0.36.jar:/Users/mihaistefan/.m2/repository/org/springframework/boot/spring-boot-starter-validation/2.2.8.RELEASE/spring-boot-starter-validation-2.2.8.RELEASE.jar:/Users/mihaistefan/.m2/repository/jakarta/validation/jakarta.validation-api/2.0.2/jakarta.validation-api-2.0.2.jar:/Users/mihaistefan/.m2/repository/org/hibernate/validator/hibernate-validator/6.0.20.Final/hibernate-validator-6.0.20.Final.jar:/Users/mihaistefan/.m2/repository/org/springframework/spring-web/5.2.7.RELEASE/spring-web-5.2.7.RELEASE.jar:/Users/mihaistefan/.m2/repository/org/springframework/spring-webmvc/5.2.7.RELEASE/spring-webmvc-5.2.7.RELEASE.jar:/Users/mihaistefan/.m2/repository/org/springframework/spring-expression/5.2.7.RELEASE/spring-expression-5.2.7.RELEASE.jar:/Users/mihaistefan/.m2/repository/org/projectlombok/lombok/1.18.22/lombok-1.18.22.jar:/Users/mihaistefan/.m2/repository/org/mockito/mockito-core/2.23.0/mockito-core-2.23.0.jar:/Users/mihaistefan/.m2/repository/net/bytebuddy/byte-buddy/1.10.11/byte-buddy-1.10.11.jar:/Users/mihaistefan/.m2/repository/net/bytebuddy/byte-buddy-agent/1.10.11/byte-buddy-agent-1.10.11.jar:/Users/mihaistefan/.m2/repository/org/objenesis/objenesis/2.6/objenesis-2.6.jar:/Users/mihaistefan/.m2/repository/junit/junit/4.12/junit-4.12.jar:/Users/mihaistefan/.m2/repository/org/hamcrest/hamcrest-core/2.1/hamcrest-core-2.1.jar:/Users/mihaistefan/.m2/repository/org/hamcrest/hamcrest/2.1/hamcrest-2.1.jar:/Users/mihaistefan/.m2/repository/org/springframework/spring-websocket/5.2.2.RELEASE/spring-websocket-5.2.2.RELEASE.jar:/Users/mihaistefan/.m2/repository/org/springframework/spring-context/5.2.7.RELEASE/spring-context-5.2.7.RELEASE.jar:/Users/mihaistefan/.m2/repository/org/springframework/spring-core/5.2.7.RELEASE/spring-core-5.2.7.RELEASE.jar:/Users/mihaistefan/.m2/repository/org/springframework/spring-jcl/5.2.7.RELEASE/spring-jcl-5.2.7.RELEASE.jar:/Users/mihaistefan/.m2/repository/org/springframework/spring-messaging/5.2.2.RELEASE/spring-messaging-5.2.2.RELEASE.jar:/Users/mihaistefan/.m2/repository/org/springframework/spring-beans/5.2.7.RELEASE/spring-beans-5.2.7.RELEASE.jar:/Users/mihaistefan/.m2/repository/org/springframework/data/spring-data-jpa/2.4.0/spring-data-jpa-2.4.0.jar:/Users/mihaistefan/.m2/repository/org/springframework/data/spring-data-commons/2.2.8.RELEASE/spring-data-commons-2.2.8.RELEASE.jar:/Users/mihaistefan/.m2/repository/org/springframework/spring-orm/5.2.7.RELEASE/spring-orm-5.2.7.RELEASE.jar:/Users/mihaistefan/.m2/repository/org/springframework/spring-aop/5.2.7.RELEASE/spring-aop-5.2.7.RELEASE.jar:/Users/mihaistefan/.m2/repository/org/springframework/spring-tx/5.2.7.RELEASE/spring-tx-5.2.7.RELEASE.jar:/Users/mihaistefan/.m2/repository/org/aspectj/aspectjrt/1.9.5/aspectjrt-1.9.5.jar:/Users/mihaistefan/.m2/repository/org/slf4j/slf4j-api/1.7.30/slf4j-api-1.7.30.jar:/Users/mihaistefan/.m2/repository/org/postgresql/postgresql/42.2.14/postgresql-42.2.14.jar:/Users/mihaistefan/.m2/repository/com/fasterxml/jackson/core/jackson-databind/2.13.0/jackson-databind-2.13.0.jar:/Users/mihaistefan/.m2/repository/com/fasterxml/jackson/core/jackson-core/2.13.0/jackson-core-2.13.0.jar:/Users/mihaistefan/.m2/repository/com/fasterxml/jackson/core/jackson-annotations/2.13.0/jackson-annotations-2.13.0.jar:/Users/mihaistefan/.m2/repository/com/fasterxml/jackson/dataformat/jackson-dataformat-xml/2.10.4/jackson-dataformat-xml-2.10.4.jar:/Users/mihaistefan/.m2/repository/com/fasterxml/jackson/module/jackson-module-jaxb-annotations/2.10.4/jackson-module-jaxb-annotations-2.10.4.jar:/Users/mihaistefan/.m2/repository/jakarta/xml/bind/jakarta.xml.bind-api/2.3.3/jakarta.xml.bind-api-2.3.3.jar:/Users/mihaistefan/.m2/repository/jakarta/activation/jakarta.activation-api/1.2.2/jakarta.activation-api-1.2.2.jar:/Users/mihaistefan/.m2/repository/org/codehaus/woodstox/stax2-api/4.2/stax2-api-4.2.jar:/Users/mihaistefan/.m2/repository/com/fasterxml/woodstox/woodstox-core/6.2.0/woodstox-core-6.2.0.jar:/Users/mihaistefan/.m2/repository/org/hibernate/javax/persistence/hibernate-jpa-2.1-api/1.0.0.Final/hibernate-jpa-2.1-api-1.0.0.Final.jar:"/>
    <property name="sun.cpu.endian" value="little"/>
    <property name="user.home" value="/Users/mihaistefan"/>
    <property name="user.language" value="it"/>
    <property name="java.specification.vendor" value="Oracle Corporation"/>
    <property name="java.version.date" value="2022-04-19"/>
    <property name="java.home" value="/opt/homebrew/Cellar/openjdk/18.0.1/libexec/openjdk.jdk/Contents/Home"/>
    <property name="file.separator" value="/"/>
    <property name="basedir" value="/Volumes/Elements/test-coloquio-BetVictor/Chat-WebSocket"/>
    <property name="java.vm.compressedOopsMode" value="Zero based"/>
    <property name="line.separator" value="&#10;"/>
    <property name="java.vm.specification.vendor" value="Oracle Corporation"/>
    <property name="java.specification.name" value="Java Platform API Specification"/>
    <property name="apple.awt.application.name" value="ForkedBooter"/>
    <property name="surefire.real.class.path" value="/Volumes/Elements/test-coloquio-BetVictor/Chat-WebSocket/target/surefire/surefirebooter4943273836612870472.jar"/>
    <property name="sun.management.compiler" value="HotSpot 64-Bit Tiered Compilers"/>
    <property name="ftp.nonProxyHosts" value="local|*.local|169.254/16|*.169.254/16"/>
    <property name="java.runtime.version" value="18.0.1+0"/>
    <property name="user.name" value="mihaistefan"/>
    <property name="path.separator" value=":"/>
    <property name="os.version" value="12.1"/>
    <property name="java.runtime.name" value="OpenJDK Runtime Environment"/>
    <property name="file.encoding" value="UTF-8"/>
    <property name="java.vm.name" value="OpenJDK 64-Bit Server VM"/>
    <property name="java.vendor.version" value="Homebrew"/>
    <property name="localRepository" value="/Users/mihaistefan/.m2/repository"/>
    <property name="java.vendor.url.bug" value="https://github.com/Homebrew/homebrew-core/issues"/>
    <property name="java.io.tmpdir" value="/var/folders/1n/v9jhc_9n4dsd7mx_4_lnsftr0000gn/T/"/>
    <property name="java.version" value="18.0.1"/>
    <property name="user.dir" value="/Volumes/Elements/test-coloquio-BetVictor/Chat-WebSocket"/>
    <property name="os.arch" value="aarch64"/>
    <property name="java.vm.specification.name" value="Java Virtual Machine Specification"/>
    <property name="native.encoding" value="UTF-8"/>
    <property name="java.library.path" value="/Users/mihaistefan/Library/Java/Extensions:/Library/Java/Extensions:/Network/Library/Java/Extensions:/System/Library/Java/Extensions:/usr/lib/java:."/>
    <property name="java.vm.info" value="mixed mode, sharing"/>
    <property name="java.vendor" value="Homebrew"/>
    <property name="java.vm.version" value="18.0.1+0"/>
    <property name="sun.io.unicode.encoding" value="UnicodeBig"/>
    <property name="socksNonProxyHosts" value="local|*.local|169.254/16|*.169.254/16"/>
    <property name="java.class.version" value="62.0"/>
  </properties>
  <testcase name="getAllMessages" classname="service.CustomerServiceTest" time="0.042"/>
  <testcase name="saveMessage" classname="service.CustomerServiceTest" time="0.005"/>
</testsuite>